{"contracts/ZombieFactory.sol":{"l":{"26":2,"27":2,"28":2,"30":2,"34":1,"46":2,"48":2,"56":3,"58":2,"59":2},"path":"/Users/tnguyen/freelance/2205-EPITA/group1/cryptozombies-spring3/contracts/ZombieFactory.sol","s":{"1":2,"2":2,"3":2,"4":1,"5":2,"6":2,"7":3,"8":2,"9":2},"b":{"1":[2,1]},"f":{"1":2,"2":1,"3":2,"4":3},"fnMap":{"1":{"name":"_createZombie","line":25,"loc":{"start":{"line":25,"column":2},"end":{"line":31,"column":2}}},"2":{"name":"getZombies","line":33,"loc":{"start":{"line":33,"column":2},"end":{"line":35,"column":2}}},"3":{"name":"_generateRandomDna","line":41,"loc":{"start":{"line":41,"column":2},"end":{"line":49,"column":2}}},"4":{"name":"createRandomZombie","line":55,"loc":{"start":{"line":55,"column":2},"end":{"line":60,"column":2}}}},"statementMap":{"1":{"start":{"line":26,"column":4},"end":{"line":26,"column":36}},"2":{"start":{"line":27,"column":4},"end":{"line":27,"column":49}},"3":{"start":{"line":30,"column":4},"end":{"line":30,"column":51}},"4":{"start":{"line":34,"column":4},"end":{"line":34,"column":18}},"5":{"start":{"line":46,"column":4},"end":{"line":46,"column":55}},"6":{"start":{"line":48,"column":4},"end":{"line":48,"column":28}},"7":{"start":{"line":56,"column":4},"end":{"line":56,"column":76}},"8":{"start":{"line":58,"column":4},"end":{"line":58,"column":47}},"9":{"start":{"line":59,"column":4},"end":{"line":59,"column":32}}},"branchMap":{"1":{"line":56,"type":"if","locations":[{"start":{"line":56,"column":4},"end":{"line":56,"column":4}},{"start":{"line":56,"column":4},"end":{"line":56,"column":4}}]}}},"contracts/ZombieFeeding.sol":{"l":{"38":0,"43":0,"44":0,"45":0,"49":0,"50":0,"53":0,"62":0,"64":0,"66":0},"path":"/Users/tnguyen/freelance/2205-EPITA/group1/cryptozombies-spring3/contracts/ZombieFeeding.sol","s":{"1":0,"2":0,"3":0,"4":0,"5":0,"6":0,"7":0,"8":0,"9":0,"10":0},"b":{"1":[0,0],"2":[0,0]},"f":{"1":0,"2":0},"fnMap":{"1":{"name":"feedAndMultiply","line":33,"loc":{"start":{"line":33,"column":2},"end":{"line":54,"column":2}}},"2":{"name":"feedOnKitty","line":61,"loc":{"start":{"line":61,"column":2},"end":{"line":67,"column":2}}}},"statementMap":{"1":{"start":{"line":38,"column":4},"end":{"line":38,"column":983}},"2":{"start":{"line":43,"column":4},"end":{"line":43,"column":48}},"3":{"start":{"line":44,"column":4},"end":{"line":44,"column":39}},"4":{"start":{"line":45,"column":4},"end":{"line":45,"column":52}},"5":{"start":{"line":49,"column":4},"end":{"line":49,"column":1293}},"6":{"start":{"line":50,"column":6},"end":{"line":50,"column":42}},"7":{"start":{"line":53,"column":4},"end":{"line":53,"column":35}},"8":{"start":{"line":62,"column":4},"end":{"line":62,"column":20}},"9":{"start":{"line":64,"column":4},"end":{"line":64,"column":67}},"10":{"start":{"line":66,"column":4},"end":{"line":66,"column":48}}},"branchMap":{"1":{"line":38,"type":"if","locations":[{"start":{"line":38,"column":4},"end":{"line":38,"column":4}},{"start":{"line":38,"column":4},"end":{"line":38,"column":4}}]},"2":{"line":49,"type":"if","locations":[{"start":{"line":49,"column":4},"end":{"line":49,"column":4}},{"start":{"line":49,"column":4},"end":{"line":49,"column":4}}]}}}}